<?xml version="1.0" encoding="UTF-8"?>
<!-- Generated by org.testng.reporters.JUnitReportReporter -->
<testsuite hostname="sreekanth" name="com.Testclasses.FileDownLoad" tests="2" failures="0" timestamp="26 Dec 2016 19:39:27 GMT" time="15.084" errors="0">
  <testcase name="loadSite" time="15.082" classname="com.Testclasses.FileDownLoad"/>
  <testcase name="getText" time="0.002" classname="com.Testclasses.FileDownLoad"/>
</testsuite> <!-- com.Testclasses.FileDownLoad -->
